<?xml version='1.0' encoding='UTF-8'?>
<testsuite hostname="rgnt1-32-113-dhcp.int.colorado.edu" name="jsy.student.Lab6FoldLeftTestsRunner" tests="2" errors="0" failures="0" skipped="0" time="0.136" timestamp="2022-11-29T15:02:12">
          <properties>
      <property name="java.specification.version" value="18"/><property name="sun.jnu.encoding" value="UTF-8"/><property name="sun.arch.data.model" value="64"/><property name="java.vendor.url" value="https://github.com/Homebrew/homebrew-core/issues"/><property name="sun.boot.library.path" value="/usr/local/Cellar/openjdk/18.0.2.1/libexec/openjdk.jdk/Contents/Home/lib"/><property name="sun.java.command" value="/usr/local/Cellar/sbt/1.7.1/libexec/bin/sbt-launch.jar test"/><property name="jdk.debug" value="release"/><property name="sun.stderr.encoding" value="UTF-8"/><property name="java.specification.vendor" value="Oracle Corporation"/><property name="java.version.date" value="2022-08-18"/><property name="java.home" value="/usr/local/Cellar/openjdk/18.0.2.1/libexec/openjdk.jdk/Contents/Home"/><property name="file.separator" value="/"/><property name="java.vm.compressedOopsMode" value="Zero based"/><property name="line.separator" value="
"/><property name="sun.stdout.encoding" value="UTF-8"/><property name="java.vm.specification.vendor" value="Oracle Corporation"/><property name="java.specification.name" value="Java Platform API Specification"/><property name="sun.management.compiler" value="HotSpot 64-Bit Tiered Compilers"/><property name="java.runtime.version" value="18.0.2.1+0"/><property name="user.name" value="bowmanrussell"/><property name="log4j.ignoreTCL" value="true"/><property name="file.encoding" value="UTF-8"/><property name="jnidispatch.path" value="/Users/bowmanrussell/Library/Caches/JNA/temp/jna11311568111243602032.tmp"/><property name="java.vendor.version" value="Homebrew"/><property name="jna.loaded" value="true"/><property name="java.io.tmpdir" value="/var/folders/m1/tpst2vqn4s3fq4t0j8vmcbj00000gn/T/"/><property name="java.version" value="18.0.2.1"/><property name="java.vm.specification.name" value="Java Virtual Machine Specification"/><property name="native.encoding" value="UTF-8"/><property name="java.library.path" value="/Users/bowmanrussell/Library/Java/Extensions:/Library/Java/Extensions:/Network/Library/Java/Extensions:/System/Library/Java/Extensions:/usr/lib/java:."/><property name="java.vendor" value="Homebrew"/><property name="scala.ext.dirs" value="/Users/bowmanrussell/.sbt/1.0/java9-rt-ext-homebrew_18_0_2_1"/><property name="sun.io.unicode.encoding" value="UnicodeBig"/><property name="socksNonProxyHosts" value="local|*.local|169.254/16|*.169.254/16"/><property name="java.class.path" value="/usr/local/Cellar/sbt/1.7.1/libexec/bin/sbt-launch.jar"/><property name="java.vm.vendor" value="Homebrew"/><property name="jline.shutdownhook" value="false"/><property name="user.timezone" value="America/Denver"/><property name="java.vm.specification.version" value="18"/><property name="os.name" value="Mac OS X"/><property name="sun.java.launcher" value="SUN_STANDARD"/><property name="user.country" value="US"/><property name="http.nonProxyHosts" value="local|*.local|169.254/16|*.169.254/16"/><property name="sun.cpu.endian" value="little"/><property name="user.home" value="/Users/bowmanrussell"/><property name="user.language" value="en"/><property name="sbt.script" value="/usr/local/Cellar/sbt/1.7.1/libexec/bin/sbt"/><property name="sbt.ipcsocket.tmpdir" value="/var/folders/m1/tpst2vqn4s3fq4t0j8vmcbj00000gn/T/.sbt/ipcsocket"/><property name="swoval.tmpdir" value="/var/folders/m1/tpst2vqn4s3fq4t0j8vmcbj00000gn/T/.sbt/swoval"/><property name="apple.awt.application.name" value="Boot"/><property name="jline.esc.timeout" value="0"/><property name="ftp.nonProxyHosts" value="local|*.local|169.254/16|*.169.254/16"/><property name="path.separator" value=":"/><property name="os.version" value="12.5.1"/><property name="jna.nosys" value="true"/><property name="java.runtime.name" value="OpenJDK Runtime Environment"/><property name="java.vm.name" value="OpenJDK 64-Bit Server VM"/><property name="jna.platform.library.path" value="/usr/lib:/usr/lib"/><property name="java.vendor.url.bug" value="https://github.com/Homebrew/homebrew-core/issues"/><property name="user.dir" value="/Users/bowmanrussell/lab6-l6_boru7277_yawu8395"/><property name="os.arch" value="x86_64"/><property name="java.vm.info" value="mixed mode, sharing"/><property name="java.vm.version" value="18.0.2.1+0"/><property name="java.class.version" value="62.0"/>
    </properties>
          <testcase classname="jsy.student.Lab6FoldLeftTestsRunner" name="foldLeftAndThen should perform left-to-right, in-order traversal to reverse a list" time="0.13">
                      
                    </testcase><testcase classname="jsy.student.Lab6FoldLeftTestsRunner" name="foldLeftAndThen should perform left-to-right, in-order traversal to compute multiplication of elements" time="0.006">
                      
                    </testcase>
          <system-out><![CDATA[]]></system-out>
          <system-err><![CDATA[]]></system-err>
        </testsuite>